0 info it worked if it ends with ok
1 verbose cli [ '/home/rachel/.nvm/versions/node/v7.4.0/bin/node',
1 verbose cli   '/home/rachel/.nvm/versions/node/v7.4.0/bin/npm',
1 verbose cli   'run',
1 verbose cli   'git' ]
2 info using npm@4.0.5
3 info using node@v7.4.0
4 verbose run-script [ 'pregit', 'git', 'postgit' ]
5 info lifecycle happyrachel.github.io@1.0.0~pregit: happyrachel.github.io@1.0.0
6 silly lifecycle happyrachel.github.io@1.0.0~pregit: no script for pregit, continuing
7 info lifecycle happyrachel.github.io@1.0.0~git: happyrachel.github.io@1.0.0
8 verbose lifecycle happyrachel.github.io@1.0.0~git: unsafe-perm in lifecycle true
9 verbose lifecycle happyrachel.github.io@1.0.0~git: PATH: /home/rachel/.nvm/versions/node/v7.4.0/lib/node_modules/npm/bin/node-gyp-bin:/home/rachel/Desktop/happyrachel.github.io/node_modules/.bin:/home/rachel/.nvm/versions/node/v7.4.0/bin:/usr/local/bin:/usr/bin:/bin:/usr/local/games:/usr/games
10 verbose lifecycle happyrachel.github.io@1.0.0~git: CWD: /home/rachel/Desktop/happyrachel.github.io
11 silly lifecycle happyrachel.github.io@1.0.0~git: Args: [ '-c', 'git add . && git commit -m\'add\' && git push' ]
12 silly lifecycle happyrachel.github.io@1.0.0~git: Returned: code: 1  signal: null
13 info lifecycle happyrachel.github.io@1.0.0~git: Failed to exec git script
14 verbose stack Error: happyrachel.github.io@1.0.0 git: `git add . && git commit -m'add' && git push`
14 verbose stack Exit status 1
14 verbose stack     at EventEmitter.<anonymous> (/home/rachel/.nvm/versions/node/v7.4.0/lib/node_modules/npm/lib/utils/lifecycle.js:279:16)
14 verbose stack     at emitTwo (events.js:106:13)
14 verbose stack     at EventEmitter.emit (events.js:191:7)
14 verbose stack     at ChildProcess.<anonymous> (/home/rachel/.nvm/versions/node/v7.4.0/lib/node_modules/npm/lib/utils/spawn.js:40:14)
14 verbose stack     at emitTwo (events.js:106:13)
14 verbose stack     at ChildProcess.emit (events.js:191:7)
14 verbose stack     at maybeClose (internal/child_process.js:885:16)
14 verbose stack     at Process.ChildProcess._handle.onexit (internal/child_process.js:226:5)
15 verbose pkgid happyrachel.github.io@1.0.0
16 verbose cwd /home/rachel/Desktop/happyrachel.github.io
17 error Linux 4.4.0-3-deepin-amd64
18 error argv "/home/rachel/.nvm/versions/node/v7.4.0/bin/node" "/home/rachel/.nvm/versions/node/v7.4.0/bin/npm" "run" "git"
19 error node v7.4.0
20 error npm  v4.0.5
21 error code ELIFECYCLE
22 error happyrachel.github.io@1.0.0 git: `git add . && git commit -m'add' && git push`
22 error Exit status 1
23 error Failed at the happyrachel.github.io@1.0.0 git script 'git add . && git commit -m'add' && git push'.
23 error Make sure you have the latest version of node.js and npm installed.
23 error If you do, this is most likely a problem with the happyrachel.github.io package,
23 error not with npm itself.
23 error Tell the author that this fails on your system:
23 error     git add . && git commit -m'add' && git push
23 error You can get information on how to open an issue for this project with:
23 error     npm bugs happyrachel.github.io
23 error Or if that isn't available, you can get their info via:
23 error     npm owner ls happyrachel.github.io
23 error There is likely additional logging output above.
24 verbose exit [ 1, true ]
